#
# A fatal error has been detected by the Java Runtime Environment:
#
#  EXCEPTION_ACCESS_VIOLATION (0xc0000005) at pc=0x00007ffc07fa7a12, pid=4968, tid=3416
#
# JRE version: Java(TM) SE Runtime Environment 18.9 (11.0.13+10) (build 11.0.13+10-LTS-370)
# Java VM: Java HotSpot(TM) 64-Bit Server VM 18.9 (11.0.13+10-LTS-370, mixed mode, tiered, compressed oops, g1 gc, windows-amd64)
# Problematic frame:
# C  [igxelpicd64.dll+0xa7a12]
#
# No core dump will be written. Minidumps are not enabled by default on client versions of Windows
#
# If you would like to submit a bug report, please visit:
#   https://bugreport.java.com/bugreport/crash.jsp
#

---------------  S U M M A R Y ------------

Command Line: -Dsun.java2d.d3d=false -Dsun.java2d.uiScale=1 a3.Code

Host: 11th Gen Intel(R) Core(TM) i7-1165G7 @ 2.80GHz, 8 cores, 15G,  Windows 10 , 64 bit Build 22621 (10.0.22621.1485)
Time: Thu May  4 23:02:22 2023 Pacific Daylight Time elapsed time: 3.754367 seconds (0d 0h 0m 3s)

---------------  T H R E A D  ---------------

Current thread (0x00000191febc8000):  VMThread "VM Thread" [stack: 0x0000003e17600000,0x0000003e17700000] [id=3416]

Stack: [0x0000003e17600000,0x0000003e17700000],  sp=0x0000003e176fe3d0,  free space=1016k
Native frames: (J=compiled Java code, j=interpreted, Vv=VM code, C=native code)
C  [igxelpicd64.dll+0xa7a12]


siginfo: EXCEPTION_ACCESS_VIOLATION (0xc0000005), reading address 0x0000000000035898


Register to memory mapping:

RIP=0x00007ffc07fa7a12 igxelpicd64.dll
RAX=0x000001919051ae58 points into unknown readable memory: 0x0000000000000252 | 52 02 00 00 00 00 00 00
RBX=0x000001919051ad50 points into unknown readable memory: 0x0000019182a077e0 | e0 77 a0 82 91 01 00 00
RCX=0x0 is NULL
RDX=0x00000000fffffff0 is an unknown value
RSP=0x0000003e176fe3d0 points into unknown readable memory: 0x00000191829ba2c0 | c0 a2 9b 82 91 01 00 00
RBP=0x0 is NULL
RSI=0x000001919051b320 points into unknown readable memory: 0x000001919051b3e0 | e0 b3 51 90 91 01 00 00
RDI=0x00000191ff339b70 points into unknown readable memory: 0x000001918288cf00 | 00 cf 88 82 91 01 00 00
R8 =0x0000000000000014 is an unknown value
R9 =0x0 is NULL
R10=0x0 is NULL
R11=0x0000000000000246 is an unknown value
R12=0x0000019183039d00 points into unknown readable memory: 0x0000000000000000 | 00 00 00 00 00 00 00 00
R13=0x000001919051b3e0 points into unknown readable memory: 0x0000019182a077e0 | e0 77 a0 82 91 01 00 00
R14=0x0000000000000200 is an unknown value
R15=0x0000000000000016 is an unknown value


Registers:
RAX=0x000001919051ae58, RBX=0x000001919051ad50, RCX=0x0000000000000000, RDX=0x00000000fffffff0
RSP=0x0000003e176fe3d0, RBP=0x0000000000000000, RSI=0x000001919051b320, RDI=0x00000191ff339b70
R8 =0x0000000000000014, R9 =0x0000000000000000, R10=0x0000000000000000, R11=0x0000000000000246
R12=0x0000019183039d00, R13=0x000001919051b3e0, R14=0x0000000000000200, R15=0x0000000000000016
RIP=0x00007ffc07fa7a12, EFLAGS=0x0000000000010202

Top of Stack: (sp=0x0000003e176fe3d0)
0x0000003e176fe3d0:   00000191829ba2c0 0000000000000000
0x0000003e176fe3e0:   00519b95016e1295 00007ffc7f952c94
0x0000003e176fe3f0:   01f1ad9800c4f697 0278d79801f1c798
0x0000003e176fe400:   01730b9a0165c099 02126f9c02224d9c
0x0000003e176fe410:   0000000000000014 0000000000000267
0x0000003e176fe420:   0000b80219660000 0000019183039d98
0x0000003e176fe430:   0000000000000000 0000000000000000
0x0000003e176fe440:   0000003e176fe550 00007ffc07f8d5bf
0x0000003e176fe450:   00000191829ba2c0 00000191ff339b70
0x0000003e176fe460:   028d77a400025800 022e09a501e9ae00
0x0000003e176fe470:   0000003e0000c2d0 011d95a600000000
0x0000003e176fe480:   0000000000000000 00adb8a70239b8a7
0x0000003e176fe490:   023ee2a70133c2a7 023f72a801d8fda7
0x0000003e176fe4a0:   024eeaa801c5b3a8 01832eaa01d9ada9
0x0000003e176fe4b0:   015792aa022f2faa 01fcb1aa01c6adaa
0x0000003e176fe4c0:   023ff6aa022dceaa 01c99fab01a750ab 

Instructions: (pc=0x00007ffc07fa7a12)
0x00007ffc07fa79f2:   83 2d 01 00 00 4a 8d 04 cd 21 00 00 00 49 03 c1
0x00007ffc07fa7a02:   48 8d 04 c3 48 85 c0 0f 85 03 01 00 00 49 8b ca
0x00007ffc07fa7a12:   48 3b 8d 98 58 03 00 0f 87 ce a2 94 00 48 8d 93
0x00007ffc07fa7a22:   08 01 00 00 4c 39 93 48 06 00 00 0f 85 39 a4 94 


Stack slot to memory mapping:
stack at sp + 0 slots: 0x00000191829ba2c0 points into unknown readable memory: 0xffffffffffffffff | ff ff ff ff ff ff ff ff
stack at sp + 1 slots: 0x0 is NULL
stack at sp + 2 slots: 0x00519b95016e1295 is an unknown value
stack at sp + 3 slots: 0x00007ffc7f952c94 ntdll.dll
stack at sp + 4 slots: 0x01f1ad9800c4f697 is an unknown value
stack at sp + 5 slots: 0x0278d79801f1c798 is an unknown value
stack at sp + 6 slots: 0x01730b9a0165c099 is an unknown value
stack at sp + 7 slots: 0x02126f9c02224d9c is an unknown value

VM_Operation (0x0000003e194fed80): Exit, mode: safepoint, requested by thread 0x0000019183453000


---------------  P R O C E S S  ---------------

Threads class SMR info:
_java_thread_list=0x0000019182873380, length=16, elements={
0x00000191febef000, 0x00000191febf8000, 0x00000191fec4a800, 0x00000191fec4c000,
0x00000191fec4e000, 0x00000191fec71800, 0x00000191fec75000, 0x00000191fec77000,
0x00000191fee09800, 0x00000191ff32a000, 0x00000191ff32b000, 0x00000191ff5bb800,
0x00000191ff3d9000, 0x00000191db919000, 0x00000191829b1000, 0x0000019183453000
}

Java Threads: ( => current thread )
  0x00000191febef000 JavaThread "Reference Handler" daemon [_thread_blocked, id=3008, stack(0x0000003e17700000,0x0000003e17800000)]
  0x00000191febf8000 JavaThread "Finalizer" daemon [_thread_blocked, id=1172, stack(0x0000003e17800000,0x0000003e17900000)]
  0x00000191fec4a800 JavaThread "Signal Dispatcher" daemon [_thread_blocked, id=10620, stack(0x0000003e17900000,0x0000003e17a00000)]
  0x00000191fec4c000 JavaThread "Attach Listener" daemon [_thread_blocked, id=11736, stack(0x0000003e17a00000,0x0000003e17b00000)]
  0x00000191fec4e000 JavaThread "Service Thread" daemon [_thread_blocked, id=7848, stack(0x0000003e17b00000,0x0000003e17c00000)]
  0x00000191fec71800 JavaThread "C2 CompilerThread0" daemon [_thread_blocked, id=18444, stack(0x0000003e17c00000,0x0000003e17d00000)]
  0x00000191fec75000 JavaThread "C1 CompilerThread0" daemon [_thread_blocked, id=21196, stack(0x0000003e17d00000,0x0000003e17e00000)]
  0x00000191fec77000 JavaThread "Sweeper thread" daemon [_thread_blocked, id=22328, stack(0x0000003e17e00000,0x0000003e17f00000)]
  0x00000191fee09800 JavaThread "Common-Cleaner" daemon [_thread_blocked, id=20856, stack(0x0000003e18000000,0x0000003e18100000)]
  0x00000191ff32a000 JavaThread "Java2D Disposer" daemon [_thread_blocked, id=15276, stack(0x0000003e18100000,0x0000003e18200000)]
  0x00000191ff32b000 JavaThread "AWT-Shutdown" [_thread_blocked, id=15608, stack(0x0000003e18200000,0x0000003e18300000)]
  0x00000191ff5bb800 JavaThread "AWT-EventQueue-0" [_thread_blocked, id=21624, stack(0x0000003e18400000,0x0000003e18500000)]
  0x00000191ff3d9000 JavaThread "main-AWTAnimator#00" [_thread_blocked, id=4020, stack(0x0000003e18f00000,0x0000003e19000000)]
  0x00000191db919000 JavaThread "DestroyJavaVM" [_thread_blocked, id=20452, stack(0x0000003e17000000,0x0000003e17100000)]
  0x00000191829b1000 JavaThread "C2 CompilerThread1" daemon [_thread_blocked, id=20472, stack(0x0000003e19000000,0x0000003e19100000)]
  0x0000019183453000 JavaThread "SIGINT handler" daemon [_thread_blocked, id=18456, stack(0x0000003e19400000,0x0000003e19500000)]

Other Threads:
=>0x00000191febc8000 VMThread "VM Thread" [stack: 0x0000003e17600000,0x0000003e17700000] [id=3416]
  0x00000191db92d800 GCTaskThread "GC Thread#0" [stack: 0x0000003e17100000,0x0000003e17200000] [id=4252]
  0x0000019182f15800 GCTaskThread "GC Thread#1" [stack: 0x0000003e18a00000,0x0000003e18b00000] [id=21212]
  0x0000019182f16800 GCTaskThread "GC Thread#2" [stack: 0x0000003e18b00000,0x0000003e18c00000] [id=22244]
  0x0000019182f1b000 GCTaskThread "GC Thread#3" [stack: 0x0000003e18c00000,0x0000003e18d00000] [id=15636]
  0x0000019182f1b800 GCTaskThread "GC Thread#4" [stack: 0x0000003e18d00000,0x0000003e18e00000] [id=20400]
  0x0000019182f1c800 GCTaskThread "GC Thread#5" [stack: 0x0000003e18e00000,0x0000003e18f00000] [id=10064]
  0x00000191831da800 GCTaskThread "GC Thread#6" [stack: 0x0000003e19100000,0x0000003e19200000] [id=13188]
  0x0000019182ebf800 GCTaskThread "GC Thread#7" [stack: 0x0000003e19200000,0x0000003e19300000] [id=3500]
  0x00000191db989000 ConcurrentGCThread "G1 Main Marker" [stack: 0x0000003e17200000,0x0000003e17300000] [id=20860]
  0x00000191db98a000 ConcurrentGCThread "G1 Conc#0" [stack: 0x0000003e17300000,0x0000003e17400000] [id=9804]
  0x0000019182f23800 ConcurrentGCThread "G1 Conc#1" [stack: 0x0000003e19300000,0x0000003e19400000] [id=22044]
  0x00000191fe223800 ConcurrentGCThread "G1 Refine#0" [stack: 0x0000003e17400000,0x0000003e17500000] [id=3540]
  0x00000191fe224800 ConcurrentGCThread "G1 Young RemSet Sampling" [stack: 0x0000003e17500000,0x0000003e17600000] [id=13240]

Threads with active compile tasks:

VM state:at safepoint (shutting down)

VM Mutex/Monitor currently owned by a thread:  ([mutex/lock_event])
[0x00000191db915080] Threads_lock - owner thread: 0x00000191febc8000

Heap address: 0x0000000704c00000, size: 4020 MB, Compressed Oops mode: Zero based, Oop shift amount: 3
Narrow klass base: 0x0000000800000000, Narrow klass shift: 0
Compressed class space size: 1073741824 Address: 0x0000000800000000

Heap:
 garbage-first heap   total 258048K, used 66112K [0x0000000704c00000, 0x0000000800000000)
  region size 1024K, 27 young (27648K), 7 survivors (7168K)
 Metaspace       used 22186K, capacity 22597K, committed 22960K, reserved 1071104K
  class space    used 2047K, capacity 2233K, committed 2304K, reserved 1048576K
Heap Regions: E=young(eden), S=young(survivor), O=old, HS=humongous(starts), HC=humongous(continues), CS=collection set, F=free, A=archive, TAMS=top-at-mark-start (previous, next)
|   0|0x0000000704c00000, 0x0000000704d00000, 0x0000000704d00000|100%| O|  |TAMS 0x0000000704c00000, 0x0000000704c00000| Untracked 
|   1|0x0000000704d00000, 0x0000000704e00000, 0x0000000704e00000|100%| O|  |TAMS 0x0000000704d10600, 0x0000000704d00000| Untracked 
|   2|0x0000000704e00000, 0x0000000704f00000, 0x0000000704f00000|100%|HS|  |TAMS 0x0000000704f00000, 0x0000000704e00000| Complete 
|   3|0x0000000704f00000, 0x0000000705000000, 0x0000000705000000|100%|HC|  |TAMS 0x0000000705000000, 0x0000000704f00000| Complete 
|   4|0x0000000705000000, 0x0000000705100000, 0x0000000705100000|100%|HS|  |TAMS 0x0000000705000000, 0x0000000705000000| Complete 
|   5|0x0000000705100000, 0x0000000705200000, 0x0000000705200000|100%|HC|  |TAMS 0x0000000705100000, 0x0000000705100000| Complete 
|   6|0x0000000705200000, 0x0000000705300000, 0x0000000705300000|100%|HC|  |TAMS 0x0000000705200000, 0x0000000705200000| Complete 
|   7|0x0000000705300000, 0x0000000705400000, 0x0000000705400000|100%|HC|  |TAMS 0x0000000705300000, 0x0000000705300000| Complete 
|   8|0x0000000705400000, 0x0000000705500000, 0x0000000705500000|100%|HS|  |TAMS 0x0000000705400000, 0x0000000705400000| Complete 
|   9|0x0000000705500000, 0x0000000705600000, 0x0000000705600000|100%|HC|  |TAMS 0x0000000705500000, 0x0000000705500000| Complete 
|  10|0x0000000705600000, 0x0000000705700000, 0x0000000705700000|100%|HC|  |TAMS 0x0000000705600000, 0x0000000705600000| Complete 
|  11|0x0000000705700000, 0x0000000705800000, 0x0000000705800000|100%|HC|  |TAMS 0x0000000705700000, 0x0000000705700000| Complete 
|  12|0x0000000705800000, 0x0000000705900000, 0x0000000705900000|100%|HS|  |TAMS 0x0000000705800000, 0x0000000705800000| Complete 
|  13|0x0000000705900000, 0x0000000705a00000, 0x0000000705a00000|100%|HC|  |TAMS 0x0000000705900000, 0x0000000705900000| Complete 
|  14|0x0000000705a00000, 0x0000000705b00000, 0x0000000705b00000|100%|HC|  |TAMS 0x0000000705a00000, 0x0000000705a00000| Complete 
|  15|0x0000000705b00000, 0x0000000705c00000, 0x0000000705c00000|100%|HC|  |TAMS 0x0000000705b00000, 0x0000000705b00000| Complete 
|  16|0x0000000705c00000, 0x0000000705d00000, 0x0000000705d00000|100%|HS|  |TAMS 0x0000000705c00000, 0x0000000705c00000| Complete 
|  17|0x0000000705d00000, 0x0000000705e00000, 0x0000000705e00000|100%|HC|  |TAMS 0x0000000705d00000, 0x0000000705d00000| Complete 
|  18|0x0000000705e00000, 0x0000000705f00000, 0x0000000705f00000|100%|HC|  |TAMS 0x0000000705e00000, 0x0000000705e00000| Complete 
|  19|0x0000000705f00000, 0x0000000706000000, 0x0000000706000000|100%|HC|  |TAMS 0x0000000705f00000, 0x0000000705f00000| Complete 
|  20|0x0000000706000000, 0x0000000706100000, 0x0000000706100000|100%|HS|  |TAMS 0x0000000706000000, 0x0000000706000000| Complete 
|  21|0x0000000706100000, 0x0000000706200000, 0x0000000706200000|100%|HC|  |TAMS 0x0000000706100000, 0x0000000706100000| Complete 
|  22|0x0000000706200000, 0x0000000706300000, 0x0000000706300000|100%|HC|  |TAMS 0x0000000706200000, 0x0000000706200000| Complete 
|  23|0x0000000706300000, 0x0000000706400000, 0x0000000706400000|100%|HC|  |TAMS 0x0000000706300000, 0x0000000706300000| Complete 
|  24|0x0000000706400000, 0x0000000706500000, 0x0000000706500000|100%|HS|  |TAMS 0x0000000706400000, 0x0000000706400000| Complete 
|  25|0x0000000706500000, 0x0000000706600000, 0x0000000706600000|100%|HC|  |TAMS 0x0000000706500000, 0x0000000706500000| Complete 
|  26|0x0000000706600000, 0x0000000706700000, 0x0000000706700000|100%|HC|  |TAMS 0x0000000706600000, 0x0000000706600000| Complete 
|  27|0x0000000706700000, 0x0000000706800000, 0x0000000706800000|100%|HC|  |TAMS 0x0000000706700000, 0x0000000706700000| Complete 
|  28|0x0000000706800000, 0x0000000706800000, 0x0000000706900000|  0%| F|  |TAMS 0x0000000706800000, 0x0000000706800000| Untracked 
|  29|0x0000000706900000, 0x0000000706900000, 0x0000000706a00000|  0%| F|  |TAMS 0x0000000706900000, 0x0000000706900000| Untracked 
|  30|0x0000000706a00000, 0x0000000706a00000, 0x0000000706b00000|  0%| F|  |TAMS 0x0000000706a00000, 0x0000000706a00000| Untracked 
|  31|0x0000000706b00000, 0x0000000706b00000, 0x0000000706c00000|  0%| F|  |TAMS 0x0000000706b00000, 0x0000000706b00000| Untracked 
|  32|0x0000000706c00000, 0x0000000706c00000, 0x0000000706d00000|  0%| F|  |TAMS 0x0000000706c00000, 0x0000000706c00000| Untracked 
|  33|0x0000000706d00000, 0x0000000706e00000, 0x0000000706e00000|100%|HS|  |TAMS 0x0000000706d00000, 0x0000000706d00000| Complete 
|  34|0x0000000706e00000, 0x0000000706f00000, 0x0000000706f00000|100%|HC|  |TAMS 0x0000000706e00000, 0x0000000706e00000| Complete 
|  35|0x0000000706f00000, 0x0000000707000000, 0x0000000707000000|100%|HC|  |TAMS 0x0000000706f00000, 0x0000000706f00000| Complete 
|  36|0x0000000707000000, 0x0000000707100000, 0x0000000707100000|100%|HC|  |TAMS 0x0000000707000000, 0x0000000707000000| Complete 
|  37|0x0000000707100000, 0x0000000707200000, 0x0000000707200000|100%|HC|  |TAMS 0x0000000707100000, 0x0000000707100000| Complete 
|  38|0x0000000707200000, 0x0000000707300000, 0x0000000707300000|100%|HS|  |TAMS 0x0000000707200000, 0x0000000707200000| Complete 
|  39|0x0000000707300000, 0x0000000707400000, 0x0000000707400000|100%|HC|  |TAMS 0x0000000707300000, 0x0000000707300000| Complete 
|  40|0x0000000707400000, 0x0000000707500000, 0x0000000707500000|100%|HC|  |TAMS 0x0000000707400000, 0x0000000707400000| Complete 
|  41|0x0000000707500000, 0x0000000707600000, 0x0000000707600000|100%|HC|  |TAMS 0x0000000707500000, 0x0000000707500000| Complete 
|  42|0x0000000707600000, 0x0000000707700000, 0x0000000707700000|100%|HC|  |TAMS 0x0000000707600000, 0x0000000707600000| Complete 
|  43|0x0000000707700000, 0x00000007077f2600, 0x0000000707800000| 94%| O|  |TAMS 0x0000000707700000, 0x0000000707700000| Untracked 
|  44|0x0000000707800000, 0x0000000707800000, 0x0000000707900000|  0%| F|  |TAMS 0x0000000707800000, 0x0000000707800000| Untracked 
|  45|0x0000000707900000, 0x0000000707900000, 0x0000000707a00000|  0%| F|  |TAMS 0x0000000707900000, 0x0000000707900000| Untracked 
|  46|0x0000000707a00000, 0x0000000707a00000, 0x0000000707b00000|  0%| F|  |TAMS 0x0000000707a00000, 0x0000000707a00000| Untracked 
|  47|0x0000000707b00000, 0x0000000707b00000, 0x0000000707c00000|  0%| F|  |TAMS 0x0000000707b00000, 0x0000000707b00000| Untracked 
|  48|0x0000000707c00000, 0x0000000707c00000, 0x0000000707d00000|  0%| F|  |TAMS 0x0000000707c00000, 0x0000000707c00000| Untracked 
|  49|0x0000000707d00000, 0x0000000707d00000, 0x0000000707e00000|  0%| F|  |TAMS 0x0000000707d00000, 0x0000000707d00000| Untracked 
|  50|0x0000000707e00000, 0x0000000707e00000, 0x0000000707f00000|  0%| F|  |TAMS 0x0000000707e00000, 0x0000000707e00000| Untracked 
|  51|0x0000000707f00000, 0x0000000707f00000, 0x0000000708000000|  0%| F|  |TAMS 0x0000000707f00000, 0x0000000707f00000| Untracked 
|  52|0x0000000708000000, 0x0000000708000000, 0x0000000708100000|  0%| F|  |TAMS 0x0000000708000000, 0x0000000708000000| Untracked 
|  53|0x0000000708100000, 0x0000000708100000, 0x0000000708200000|  0%| F|  |TAMS 0x0000000708100000, 0x0000000708100000| Untracked 
|  54|0x0000000708200000, 0x0000000708200000, 0x0000000708300000|  0%| F|  |TAMS 0x0000000708200000, 0x0000000708200000| Untracked 
|  55|0x0000000708300000, 0x0000000708300000, 0x0000000708400000|  0%| F|  |TAMS 0x0000000708300000, 0x0000000708300000| Untracked 
|  56|0x0000000708400000, 0x0000000708400000, 0x0000000708500000|  0%| F|  |TAMS 0x0000000708400000, 0x0000000708400000| Untracked 
|  57|0x0000000708500000, 0x0000000708500000, 0x0000000708600000|  0%| F|  |TAMS 0x0000000708500000, 0x0000000708500000| Untracked 
|  58|0x0000000708600000, 0x0000000708600000, 0x0000000708700000|  0%| F|  |TAMS 0x0000000708600000, 0x0000000708600000| Untracked 
|  59|0x0000000708700000, 0x0000000708700000, 0x0000000708800000|  0%| F|  |TAMS 0x0000000708700000, 0x0000000708700000| Untracked 
|  60|0x0000000708800000, 0x0000000708800000, 0x0000000708900000|  0%| F|  |TAMS 0x0000000708800000, 0x0000000708800000| Untracked 
|  61|0x0000000708900000, 0x0000000708900000, 0x0000000708a00000|  0%| F|  |TAMS 0x0000000708900000, 0x0000000708900000| Untracked 
|  62|0x0000000708a00000, 0x0000000708a00000, 0x0000000708b00000|  0%| F|  |TAMS 0x0000000708a00000, 0x0000000708a00000| Untracked 
|  63|0x0000000708b00000, 0x0000000708b00000, 0x0000000708c00000|  0%| F|  |TAMS 0x0000000708b00000, 0x0000000708b00000| Untracked 
|  64|0x0000000708c00000, 0x0000000708c00000, 0x0000000708d00000|  0%| F|  |TAMS 0x0000000708c00000, 0x0000000708c00000| Untracked 
|  65|0x0000000708d00000, 0x0000000708d00000, 0x0000000708e00000|  0%| F|  |TAMS 0x0000000708d00000, 0x0000000708d00000| Untracked 
|  66|0x0000000708e00000, 0x0000000708e00000, 0x0000000708f00000|  0%| F|  |TAMS 0x0000000708e00000, 0x0000000708e00000| Untracked 
|  67|0x0000000708f00000, 0x0000000708f00000, 0x0000000709000000|  0%| F|  |TAMS 0x0000000708f00000, 0x0000000708f00000| Untracked 
|  68|0x0000000709000000, 0x0000000709000000, 0x0000000709100000|  0%| F|  |TAMS 0x0000000709000000, 0x0000000709000000| Untracked 
|  69|0x0000000709100000, 0x0000000709100000, 0x0000000709200000|  0%| F|  |TAMS 0x0000000709100000, 0x0000000709100000| Untracked 
|  70|0x0000000709200000, 0x0000000709200000, 0x0000000709300000|  0%| F|  |TAMS 0x0000000709200000, 0x0000000709200000| Untracked 
|  71|0x0000000709300000, 0x0000000709300000, 0x0000000709400000|  0%| F|  |TAMS 0x0000000709300000, 0x0000000709300000| Untracked 
|  72|0x0000000709400000, 0x0000000709400000, 0x0000000709500000|  0%| F|  |TAMS 0x0000000709400000, 0x0000000709400000| Untracked 
|  73|0x0000000709500000, 0x0000000709500000, 0x0000000709600000|  0%| F|  |TAMS 0x0000000709500000, 0x0000000709500000| Untracked 
|  74|0x0000000709600000, 0x0000000709600000, 0x0000000709700000|  0%| F|  |TAMS 0x0000000709600000, 0x0000000709600000| Untracked 
|  75|0x0000000709700000, 0x0000000709700000, 0x0000000709800000|  0%| F|  |TAMS 0x0000000709700000, 0x0000000709700000| Untracked 
|  76|0x0000000709800000, 0x0000000709800000, 0x0000000709900000|  0%| F|  |TAMS 0x0000000709800000, 0x0000000709800000| Untracked 
|  77|0x0000000709900000, 0x0000000709900000, 0x0000000709a00000|  0%| F|  |TAMS 0x0000000709900000, 0x0000000709900000| Untracked 
|  78|0x0000000709a00000, 0x0000000709a00000, 0x0000000709b00000|  0%| F|  |TAMS 0x0000000709a00000, 0x0000000709a00000| Untracked 
|  79|0x0000000709b00000, 0x0000000709b00000, 0x0000000709c00000|  0%| F|  |TAMS 0x0000000709b00000, 0x0000000709b00000| Untracked 
|  80|0x0000000709c00000, 0x0000000709c00000, 0x0000000709d00000|  0%| F|  |TAMS 0x0000000709c00000, 0x0000000709c00000| Untracked 
|  81|0x0000000709d00000, 0x0000000709d00000, 0x0000000709e00000|  0%| F|  |TAMS 0x0000000709d00000, 0x0000000709d00000| Untracked 
|  82|0x0000000709e00000, 0x0000000709e00000, 0x0000000709f00000|  0%| F|  |TAMS 0x0000000709e00000, 0x0000000709e00000| Untracked 
|  83|0x0000000709f00000, 0x0000000709f00000, 0x000000070a000000|  0%| F|  |TAMS 0x0000000709f00000, 0x0000000709f00000| Untracked 
|  84|0x000000070a000000, 0x000000070a000000, 0x000000070a100000|  0%| F|  |TAMS 0x000000070a000000, 0x000000070a000000| Untracked 
|  85|0x000000070a100000, 0x000000070a100000, 0x000000070a200000|  0%| F|  |TAMS 0x000000070a100000, 0x000000070a100000| Untracked 
|  86|0x000000070a200000, 0x000000070a200000, 0x000000070a300000|  0%| F|  |TAMS 0x000000070a200000, 0x000000070a200000| Untracked 
|  87|0x000000070a300000, 0x000000070a300000, 0x000000070a400000|  0%| F|  |TAMS 0x000000070a300000, 0x000000070a300000| Untracked 
|  88|0x000000070a400000, 0x000000070a400000, 0x000000070a500000|  0%| F|  |TAMS 0x000000070a400000, 0x000000070a400000| Untracked 
|  89|0x000000070a500000, 0x000000070a500000, 0x000000070a600000|  0%| F|  |TAMS 0x000000070a500000, 0x000000070a500000| Untracked 
|  90|0x000000070a600000, 0x000000070a600000, 0x000000070a700000|  0%| F|  |TAMS 0x000000070a600000, 0x000000070a600000| Untracked 
|  91|0x000000070a700000, 0x000000070a700000, 0x000000070a800000|  0%| F|  |TAMS 0x000000070a700000, 0x000000070a700000| Untracked 
|  92|0x000000070a800000, 0x000000070a800000, 0x000000070a900000|  0%| F|  |TAMS 0x000000070a800000, 0x000000070a800000| Untracked 
|  93|0x000000070a900000, 0x000000070a900000, 0x000000070aa00000|  0%| F|  |TAMS 0x000000070a900000, 0x000000070a900000| Untracked 
|  94|0x000000070aa00000, 0x000000070aa00000, 0x000000070ab00000|  0%| F|  |TAMS 0x000000070aa00000, 0x000000070aa00000| Untracked 
|  95|0x000000070ab00000, 0x000000070ab00000, 0x000000070ac00000|  0%| F|  |TAMS 0x000000070ab00000, 0x000000070ab00000| Untracked 
|  96|0x000000070ac00000, 0x000000070ac00000, 0x000000070ad00000|  0%| F|  |TAMS 0x000000070ac00000, 0x000000070ac00000| Untracked 
|  97|0x000000070ad00000, 0x000000070ad00000, 0x000000070ae00000|  0%| F|  |TAMS 0x000000070ad00000, 0x000000070ad00000| Untracked 
|  98|0x000000070ae00000, 0x000000070ae00000, 0x000000070af00000|  0%| F|  |TAMS 0x000000070ae00000, 0x000000070ae00000| Untracked 
|  99|0x000000070af00000, 0x000000070af00000, 0x000000070b000000|  0%| F|  |TAMS 0x000000070af00000, 0x000000070af00000| Untracked 
| 100|0x000000070b000000, 0x000000070b000000, 0x000000070b100000|  0%| F|  |TAMS 0x000000070b000000, 0x000000070b000000| Untracked 
| 101|0x000000070b100000, 0x000000070b100000, 0x000000070b200000|  0%| F|  |TAMS 0x000000070b100000, 0x000000070b100000| Untracked 
| 102|0x000000070b200000, 0x000000070b200000, 0x000000070b300000|  0%| F|  |TAMS 0x000000070b200000, 0x000000070b200000| Untracked 
| 103|0x000000070b300000, 0x000000070b300000, 0x000000070b400000|  0%| F|  |TAMS 0x000000070b300000, 0x000000070b300000| Untracked 
| 104|0x000000070b400000, 0x000000070b400000, 0x000000070b500000|  0%| F|  |TAMS 0x000000070b400000, 0x000000070b400000| Untracked 
| 105|0x000000070b500000, 0x000000070b500000, 0x000000070b600000|  0%| F|  |TAMS 0x000000070b500000, 0x000000070b500000| Untracked 
| 106|0x000000070b600000, 0x000000070b600000, 0x000000070b700000|  0%| F|  |TAMS 0x000000070b600000, 0x000000070b600000| Untracked 
| 107|0x000000070b700000, 0x000000070b700000, 0x000000070b800000|  0%| F|  |TAMS 0x000000070b700000, 0x000000070b700000| Untracked 
| 108|0x000000070b800000, 0x000000070b800000, 0x000000070b900000|  0%| F|  |TAMS 0x000000070b800000, 0x000000070b800000| Untracked 
| 109|0x000000070b900000, 0x000000070b900000, 0x000000070ba00000|  0%| F|  |TAMS 0x000000070b900000, 0x000000070b900000| Untracked 
| 110|0x000000070ba00000, 0x000000070ba00000, 0x000000070bb00000|  0%| F|  |TAMS 0x000000070ba00000, 0x000000070ba00000| Untracked 
| 111|0x000000070bb00000, 0x000000070bb00000, 0x000000070bc00000|  0%| F|  |TAMS 0x000000070bb00000, 0x000000070bb00000| Untracked 
| 112|0x000000070bc00000, 0x000000070bc00000, 0x000000070bd00000|  0%| F|  |TAMS 0x000000070bc00000, 0x000000070bc00000| Untracked 
| 113|0x000000070bd00000, 0x000000070bd00000, 0x000000070be00000|  0%| F|  |TAMS 0x000000070bd00000, 0x000000070bd00000| Untracked 
| 114|0x000000070be00000, 0x000000070be00000, 0x000000070bf00000|  0%| F|  |TAMS 0x000000070be00000, 0x000000070be00000| Untracked 
| 115|0x000000070bf00000, 0x000000070bf00000, 0x000000070c000000|  0%| F|  |TAMS 0x000000070bf00000, 0x000000070bf00000| Untracked 
| 116|0x000000070c000000, 0x000000070c000000, 0x000000070c100000|  0%| F|  |TAMS 0x000000070c000000, 0x000000070c000000| Untracked 
| 117|0x000000070c100000, 0x000000070c100000, 0x000000070c200000|  0%| F|  |TAMS 0x000000070c100000, 0x000000070c100000| Untracked 
| 118|0x000000070c200000, 0x000000070c200000, 0x000000070c300000|  0%| F|  |TAMS 0x000000070c200000, 0x000000070c200000| Untracked 
| 119|0x000000070c300000, 0x000000070c300000, 0x000000070c400000|  0%| F|  |TAMS 0x000000070c300000, 0x000000070c300000| Untracked 
| 120|0x000000070c400000, 0x000000070c400000, 0x000000070c500000|  0%| F|  |TAMS 0x000000070c400000, 0x000000070c400000| Untracked 
| 121|0x000000070c500000, 0x000000070c500000, 0x000000070c600000|  0%| F|  |TAMS 0x000000070c500000, 0x000000070c500000| Untracked 
| 122|0x000000070c600000, 0x000000070c600000, 0x000000070c700000|  0%| F|  |TAMS 0x000000070c600000, 0x000000070c600000| Untracked 
| 123|0x000000070c700000, 0x000000070c700000, 0x000000070c800000|  0%| F|  |TAMS 0x000000070c700000, 0x000000070c700000| Untracked 
| 124|0x000000070c800000, 0x000000070c800000, 0x000000070c900000|  0%| F|  |TAMS 0x000000070c800000, 0x000000070c800000| Untracked 
| 125|0x000000070c900000, 0x000000070c900000, 0x000000070ca00000|  0%| F|  |TAMS 0x000000070c900000, 0x000000070c900000| Untracked 
| 126|0x000000070ca00000, 0x000000070ca00000, 0x000000070cb00000|  0%| F|  |TAMS 0x000000070ca00000, 0x000000070ca00000| Untracked 
| 127|0x000000070cb00000, 0x000000070cb00000, 0x000000070cc00000|  0%| F|  |TAMS 0x000000070cb00000, 0x000000070cb00000| Untracked 
| 128|0x000000070cc00000, 0x000000070cc00000, 0x000000070cd00000|  0%| F|  |TAMS 0x000000070cc00000, 0x000000070cc00000| Untracked 
| 129|0x000000070cd00000, 0x000000070cd00000, 0x000000070ce00000|  0%| F|  |TAMS 0x000000070cd00000, 0x000000070cd00000| Untracked 
| 130|0x000000070ce00000, 0x000000070ce00000, 0x000000070cf00000|  0%| F|  |TAMS 0x000000070ce00000, 0x000000070ce00000| Untracked 
| 131|0x000000070cf00000, 0x000000070cf00000, 0x000000070d000000|  0%| F|  |TAMS 0x000000070cf00000, 0x000000070cf00000| Untracked 
| 132|0x000000070d000000, 0x000000070d000000, 0x000000070d100000|  0%| F|  |TAMS 0x000000070d000000, 0x000000070d000000| Untracked 
| 133|0x000000070d100000, 0x000000070d100000, 0x000000070d200000|  0%| F|  |TAMS 0x000000070d100000, 0x000000070d100000| Untracked 
| 134|0x000000070d200000, 0x000000070d200000, 0x000000070d300000|  0%| F|  |TAMS 0x000000070d200000, 0x000000070d200000| Untracked 
| 135|0x000000070d300000, 0x000000070d300000, 0x000000070d400000|  0%| F|  |TAMS 0x000000070d300000, 0x000000070d300000| Untracked 
| 136|0x000000070d400000, 0x000000070d400000, 0x000000070d500000|  0%| F|  |TAMS 0x000000070d400000, 0x000000070d400000| Untracked 
| 137|0x000000070d500000, 0x000000070d500000, 0x000000070d600000|  0%| F|  |TAMS 0x000000070d500000, 0x000000070d500000| Untracked 
| 138|0x000000070d600000, 0x000000070d600000, 0x000000070d700000|  0%| F|  |TAMS 0x000000070d600000, 0x000000070d600000| Untracked 
| 139|0x000000070d700000, 0x000000070d700000, 0x000000070d800000|  0%| F|  |TAMS 0x000000070d700000, 0x000000070d700000| Untracked 
| 140|0x000000070d800000, 0x000000070d800000, 0x000000070d900000|  0%| F|  |TAMS 0x000000070d800000, 0x000000070d800000| Untracked 
| 141|0x000000070d900000, 0x000000070d900000, 0x000000070da00000|  0%| F|  |TAMS 0x000000070d900000, 0x000000070d900000| Untracked 
| 142|0x000000070da00000, 0x000000070da00000, 0x000000070db00000|  0%| F|  |TAMS 0x000000070da00000, 0x000000070da00000| Untracked 
| 143|0x000000070db00000, 0x000000070db00000, 0x000000070dc00000|  0%| F|  |TAMS 0x000000070db00000, 0x000000070db00000| Untracked 
| 144|0x000000070dc00000, 0x000000070dc00000, 0x000000070dd00000|  0%| F|  |TAMS 0x000000070dc00000, 0x000000070dc00000| Untracked 
| 145|0x000000070dd00000, 0x000000070dd00000, 0x000000070de00000|  0%| F|  |TAMS 0x000000070dd00000, 0x000000070dd00000| Untracked 
| 146|0x000000070de00000, 0x000000070de9db10, 0x000000070df00000| 61%| S|CS|TAMS 0x000000070de00000, 0x000000070de00000| Complete 
| 147|0x000000070df00000, 0x000000070e000000, 0x000000070e000000|100%| S|CS|TAMS 0x000000070df00000, 0x000000070df00000| Complete 
| 148|0x000000070e000000, 0x000000070e100000, 0x000000070e100000|100%| S|CS|TAMS 0x000000070e000000, 0x000000070e000000| Complete 
| 149|0x000000070e100000, 0x000000070e200000, 0x000000070e200000|100%| S|CS|TAMS 0x000000070e100000, 0x000000070e100000| Complete 
| 150|0x000000070e200000, 0x000000070e300000, 0x000000070e300000|100%| S|CS|TAMS 0x000000070e200000, 0x000000070e200000| Complete 
| 151|0x000000070e300000, 0x000000070e400000, 0x000000070e400000|100%| S|CS|TAMS 0x000000070e300000, 0x000000070e300000| Complete 
| 152|0x000000070e400000, 0x000000070e500000, 0x000000070e500000|100%| S|CS|TAMS 0x000000070e400000, 0x000000070e400000| Complete 
| 153|0x000000070e500000, 0x000000070e500000, 0x000000070e600000|  0%| F|  |TAMS 0x000000070e500000, 0x000000070e500000| Untracked 
| 154|0x000000070e600000, 0x000000070e600000, 0x000000070e700000|  0%| F|  |TAMS 0x000000070e600000, 0x000000070e600000| Untracked 
| 155|0x000000070e700000, 0x000000070e700000, 0x000000070e800000|  0%| F|  |TAMS 0x000000070e700000, 0x000000070e700000| Untracked 
| 156|0x000000070e800000, 0x000000070e800000, 0x000000070e900000|  0%| F|  |TAMS 0x000000070e800000, 0x000000070e800000| Untracked 
| 157|0x000000070e900000, 0x000000070e900000, 0x000000070ea00000|  0%| F|  |TAMS 0x000000070e900000, 0x000000070e900000| Untracked 
| 158|0x000000070ea00000, 0x000000070ea00000, 0x000000070eb00000|  0%| F|  |TAMS 0x000000070ea00000, 0x000000070ea00000| Untracked 
| 159|0x000000070eb00000, 0x000000070eb00000, 0x000000070ec00000|  0%| F|  |TAMS 0x000000070eb00000, 0x000000070eb00000| Untracked 
| 160|0x000000070ec00000, 0x000000070ec00000, 0x000000070ed00000|  0%| F|  |TAMS 0x000000070ec00000, 0x000000070ec00000| Untracked 
| 161|0x000000070ed00000, 0x000000070ed00000, 0x000000070ee00000|  0%| F|  |TAMS 0x000000070ed00000, 0x000000070ed00000| Untracked 
| 162|0x000000070ee00000, 0x000000070ee00000, 0x000000070ef00000|  0%| F|  |TAMS 0x000000070ee00000, 0x000000070ee00000| Untracked 
| 163|0x000000070ef00000, 0x000000070ef00000, 0x000000070f000000|  0%| F|  |TAMS 0x000000070ef00000, 0x000000070ef00000| Untracked 
| 164|0x000000070f000000, 0x000000070f000000, 0x000000070f100000|  0%| F|  |TAMS 0x000000070f000000, 0x000000070f000000| Untracked 
| 165|0x000000070f100000, 0x000000070f100000, 0x000000070f200000|  0%| F|  |TAMS 0x000000070f100000, 0x000000070f100000| Untracked 
| 166|0x000000070f200000, 0x000000070f200000, 0x000000070f300000|  0%| F|  |TAMS 0x000000070f200000, 0x000000070f200000| Untracked 
| 167|0x000000070f300000, 0x000000070f300000, 0x000000070f400000|  0%| F|  |TAMS 0x000000070f300000, 0x000000070f300000| Untracked 
| 168|0x000000070f400000, 0x000000070f400000, 0x000000070f500000|  0%| F|  |TAMS 0x000000070f400000, 0x000000070f400000| Untracked 
| 169|0x000000070f500000, 0x000000070f500000, 0x000000070f600000|  0%| F|  |TAMS 0x000000070f500000, 0x000000070f500000| Untracked 
| 170|0x000000070f600000, 0x000000070f600000, 0x000000070f700000|  0%| F|  |TAMS 0x000000070f600000, 0x000000070f600000| Untracked 
| 171|0x000000070f700000, 0x000000070f700000, 0x000000070f800000|  0%| F|  |TAMS 0x000000070f700000, 0x000000070f700000| Untracked 
| 172|0x000000070f800000, 0x000000070f800000, 0x000000070f900000|  0%| F|  |TAMS 0x000000070f800000, 0x000000070f800000| Untracked 
| 173|0x000000070f900000, 0x000000070f900000, 0x000000070fa00000|  0%| F|  |TAMS 0x000000070f900000, 0x000000070f900000| Untracked 
| 174|0x000000070fa00000, 0x000000070fa00000, 0x000000070fb00000|  0%| F|  |TAMS 0x000000070fa00000, 0x000000070fa00000| Untracked 
| 175|0x000000070fb00000, 0x000000070fb00000, 0x000000070fc00000|  0%| F|  |TAMS 0x000000070fb00000, 0x000000070fb00000| Untracked 
| 176|0x000000070fc00000, 0x000000070fc00000, 0x000000070fd00000|  0%| F|  |TAMS 0x000000070fc00000, 0x000000070fc00000| Untracked 
| 177|0x000000070fd00000, 0x000000070fd00000, 0x000000070fe00000|  0%| F|  |TAMS 0x000000070fd00000, 0x000000070fd00000| Untracked 
| 178|0x000000070fe00000, 0x000000070fe00000, 0x000000070ff00000|  0%| F|  |TAMS 0x000000070fe00000, 0x000000070fe00000| Untracked 
| 179|0x000000070ff00000, 0x000000070ff00000, 0x0000000710000000|  0%| F|  |TAMS 0x000000070ff00000, 0x000000070ff00000| Untracked 
| 180|0x0000000710000000, 0x0000000710000000, 0x0000000710100000|  0%| F|  |TAMS 0x0000000710000000, 0x0000000710000000| Untracked 
| 181|0x0000000710100000, 0x0000000710100000, 0x0000000710200000|  0%| F|  |TAMS 0x0000000710100000, 0x0000000710100000| Untracked 
| 182|0x0000000710200000, 0x0000000710200000, 0x0000000710300000|  0%| F|  |TAMS 0x0000000710200000, 0x0000000710200000| Untracked 
| 183|0x0000000710300000, 0x0000000710300000, 0x0000000710400000|  0%| F|  |TAMS 0x0000000710300000, 0x0000000710300000| Untracked 
| 184|0x0000000710400000, 0x0000000710400000, 0x0000000710500000|  0%| F|  |TAMS 0x0000000710400000, 0x0000000710400000| Untracked 
| 185|0x0000000710500000, 0x0000000710500000, 0x0000000710600000|  0%| F|  |TAMS 0x0000000710500000, 0x0000000710500000| Untracked 
| 186|0x0000000710600000, 0x0000000710600000, 0x0000000710700000|  0%| F|  |TAMS 0x0000000710600000, 0x0000000710600000| Untracked 
| 187|0x0000000710700000, 0x0000000710700000, 0x0000000710800000|  0%| F|  |TAMS 0x0000000710700000, 0x0000000710700000| Untracked 
| 188|0x0000000710800000, 0x0000000710800000, 0x0000000710900000|  0%| F|  |TAMS 0x0000000710800000, 0x0000000710800000| Untracked 
| 189|0x0000000710900000, 0x0000000710900000, 0x0000000710a00000|  0%| F|  |TAMS 0x0000000710900000, 0x0000000710900000| Untracked 
| 190|0x0000000710a00000, 0x0000000710a00000, 0x0000000710b00000|  0%| F|  |TAMS 0x0000000710a00000, 0x0000000710a00000| Untracked 
| 191|0x0000000710b00000, 0x0000000710b00000, 0x0000000710c00000|  0%| F|  |TAMS 0x0000000710b00000, 0x0000000710b00000| Untracked 
| 192|0x0000000710c00000, 0x0000000710c00000, 0x0000000710d00000|  0%| F|  |TAMS 0x0000000710c00000, 0x0000000710c00000| Untracked 
| 193|0x0000000710d00000, 0x0000000710d00000, 0x0000000710e00000|  0%| F|  |TAMS 0x0000000710d00000, 0x0000000710d00000| Untracked 
| 194|0x0000000710e00000, 0x0000000710e00000, 0x0000000710f00000|  0%| F|  |TAMS 0x0000000710e00000, 0x0000000710e00000| Untracked 
| 195|0x0000000710f00000, 0x0000000710f00000, 0x0000000711000000|  0%| F|  |TAMS 0x0000000710f00000, 0x0000000710f00000| Untracked 
| 196|0x0000000711000000, 0x0000000711000000, 0x0000000711100000|  0%| F|  |TAMS 0x0000000711000000, 0x0000000711000000| Untracked 
| 197|0x0000000711100000, 0x0000000711100000, 0x0000000711200000|  0%| F|  |TAMS 0x0000000711100000, 0x0000000711100000| Untracked 
| 198|0x0000000711200000, 0x0000000711200000, 0x0000000711300000|  0%| F|  |TAMS 0x0000000711200000, 0x0000000711200000| Untracked 
| 199|0x0000000711300000, 0x0000000711300000, 0x0000000711400000|  0%| F|  |TAMS 0x0000000711300000, 0x0000000711300000| Untracked 
| 200|0x0000000711400000, 0x0000000711400000, 0x0000000711500000|  0%| F|  |TAMS 0x0000000711400000, 0x0000000711400000| Untracked 
| 201|0x0000000711500000, 0x0000000711500000, 0x0000000711600000|  0%| F|  |TAMS 0x0000000711500000, 0x0000000711500000| Untracked 
| 202|0x0000000711600000, 0x0000000711600000, 0x0000000711700000|  0%| F|  |TAMS 0x0000000711600000, 0x0000000711600000| Untracked 
| 203|0x0000000711700000, 0x0000000711700000, 0x0000000711800000|  0%| F|  |TAMS 0x0000000711700000, 0x0000000711700000| Untracked 
| 204|0x0000000711800000, 0x0000000711800000, 0x0000000711900000|  0%| F|  |TAMS 0x0000000711800000, 0x0000000711800000| Untracked 
| 205|0x0000000711900000, 0x0000000711900000, 0x0000000711a00000|  0%| F|  |TAMS 0x0000000711900000, 0x0000000711900000| Untracked 
| 206|0x0000000711a00000, 0x0000000711a00000, 0x0000000711b00000|  0%| F|  |TAMS 0x0000000711a00000, 0x0000000711a00000| Untracked 
| 207|0x0000000711b00000, 0x0000000711b00000, 0x0000000711c00000|  0%| F|  |TAMS 0x0000000711b00000, 0x0000000711b00000| Untracked 
| 208|0x0000000711c00000, 0x0000000711c00000, 0x0000000711d00000|  0%| F|  |TAMS 0x0000000711c00000, 0x0000000711c00000| Untracked 
| 209|0x0000000711d00000, 0x0000000711d00000, 0x0000000711e00000|  0%| F|  |TAMS 0x0000000711d00000, 0x0000000711d00000| Untracked 
| 210|0x0000000711e00000, 0x0000000711e00000, 0x0000000711f00000|  0%| F|  |TAMS 0x0000000711e00000, 0x0000000711e00000| Untracked 
| 211|0x0000000711f00000, 0x0000000711f00000, 0x0000000712000000|  0%| F|  |TAMS 0x0000000711f00000, 0x0000000711f00000| Untracked 
| 212|0x0000000712000000, 0x0000000712000000, 0x0000000712100000|  0%| F|  |TAMS 0x0000000712000000, 0x0000000712000000| Untracked 
| 213|0x0000000712100000, 0x0000000712100000, 0x0000000712200000|  0%| F|  |TAMS 0x0000000712100000, 0x0000000712100000| Untracked 
| 214|0x0000000712200000, 0x0000000712200000, 0x0000000712300000|  0%| F|  |TAMS 0x0000000712200000, 0x0000000712200000| Untracked 
| 215|0x0000000712300000, 0x0000000712300000, 0x0000000712400000|  0%| F|  |TAMS 0x0000000712300000, 0x0000000712300000| Untracked 
| 216|0x0000000712400000, 0x0000000712400000, 0x0000000712500000|  0%| F|  |TAMS 0x0000000712400000, 0x0000000712400000| Untracked 
| 217|0x0000000712500000, 0x0000000712500000, 0x0000000712600000|  0%| F|  |TAMS 0x0000000712500000, 0x0000000712500000| Untracked 
| 218|0x0000000712600000, 0x0000000712600000, 0x0000000712700000|  0%| F|  |TAMS 0x0000000712600000, 0x0000000712600000| Untracked 
| 219|0x0000000712700000, 0x0000000712700000, 0x0000000712800000|  0%| F|  |TAMS 0x0000000712700000, 0x0000000712700000| Untracked 
| 220|0x0000000712800000, 0x0000000712800000, 0x0000000712900000|  0%| F|  |TAMS 0x0000000712800000, 0x0000000712800000| Untracked 
| 221|0x0000000712900000, 0x0000000712900000, 0x0000000712a00000|  0%| F|  |TAMS 0x0000000712900000, 0x0000000712900000| Untracked 
| 222|0x0000000712a00000, 0x0000000712a00000, 0x0000000712b00000|  0%| F|  |TAMS 0x0000000712a00000, 0x0000000712a00000| Untracked 
| 223|0x0000000712b00000, 0x0000000712b00000, 0x0000000712c00000|  0%| F|  |TAMS 0x0000000712b00000, 0x0000000712b00000| Untracked 
| 224|0x0000000712c00000, 0x0000000712c00000, 0x0000000712d00000|  0%| F|  |TAMS 0x0000000712c00000, 0x0000000712c00000| Untracked 
| 225|0x0000000712d00000, 0x0000000712d00000, 0x0000000712e00000|  0%| F|  |TAMS 0x0000000712d00000, 0x0000000712d00000| Untracked 
| 226|0x0000000712e00000, 0x0000000712e00000, 0x0000000712f00000|  0%| F|  |TAMS 0x0000000712e00000, 0x0000000712e00000| Untracked 
| 227|0x0000000712f00000, 0x0000000712f00000, 0x0000000713000000|  0%| F|  |TAMS 0x0000000712f00000, 0x0000000712f00000| Untracked 
| 228|0x0000000713000000, 0x0000000713000000, 0x0000000713100000|  0%| F|  |TAMS 0x0000000713000000, 0x0000000713000000| Untracked 
| 229|0x0000000713100000, 0x0000000713100000, 0x0000000713200000|  0%| F|  |TAMS 0x0000000713100000, 0x0000000713100000| Untracked 
| 230|0x0000000713200000, 0x0000000713200000, 0x0000000713300000|  0%| F|  |TAMS 0x0000000713200000, 0x0000000713200000| Untracked 
| 231|0x0000000713300000, 0x0000000713300000, 0x0000000713400000|  0%| F|  |TAMS 0x0000000713300000, 0x0000000713300000| Untracked 
| 232|0x0000000713400000, 0x0000000713480800, 0x0000000713500000| 50%| E|  |TAMS 0x0000000713400000, 0x0000000713400000| Complete 
| 233|0x0000000713500000, 0x0000000713600000, 0x0000000713600000|100%| E|CS|TAMS 0x0000000713500000, 0x0000000713500000| Complete 
| 234|0x0000000713600000, 0x0000000713700000, 0x0000000713700000|100%| E|CS|TAMS 0x0000000713600000, 0x0000000713600000| Complete 
| 235|0x0000000713700000, 0x0000000713800000, 0x0000000713800000|100%| E|CS|TAMS 0x0000000713700000, 0x0000000713700000| Complete 
| 236|0x0000000713800000, 0x0000000713900000, 0x0000000713900000|100%| E|CS|TAMS 0x0000000713800000, 0x0000000713800000| Complete 
| 237|0x0000000713900000, 0x0000000713a00000, 0x0000000713a00000|100%| E|CS|TAMS 0x0000000713900000, 0x0000000713900000| Complete 
| 238|0x0000000713a00000, 0x0000000713b00000, 0x0000000713b00000|100%| E|CS|TAMS 0x0000000713a00000, 0x0000000713a00000| Complete 
| 239|0x0000000713b00000, 0x0000000713c00000, 0x0000000713c00000|100%| E|CS|TAMS 0x0000000713b00000, 0x0000000713b00000| Complete 
| 240|0x0000000713c00000, 0x0000000713d00000, 0x0000000713d00000|100%| E|CS|TAMS 0x0000000713c00000, 0x0000000713c00000| Complete 
| 241|0x0000000713d00000, 0x0000000713e00000, 0x0000000713e00000|100%| E|CS|TAMS 0x0000000713d00000, 0x0000000713d00000| Complete 
| 242|0x0000000713e00000, 0x0000000713f00000, 0x0000000713f00000|100%| E|CS|TAMS 0x0000000713e00000, 0x0000000713e00000| Complete 
| 243|0x0000000713f00000, 0x0000000714000000, 0x0000000714000000|100%| E|CS|TAMS 0x0000000713f00000, 0x0000000713f00000| Complete 
| 244|0x0000000714000000, 0x0000000714100000, 0x0000000714100000|100%| E|CS|TAMS 0x0000000714000000, 0x0000000714000000| Complete 
| 245|0x0000000714100000, 0x0000000714200000, 0x0000000714200000|100%| E|CS|TAMS 0x0000000714100000, 0x0000000714100000| Complete 
| 246|0x0000000714200000, 0x0000000714300000, 0x0000000714300000|100%| E|CS|TAMS 0x0000000714200000, 0x0000000714200000| Complete 
| 247|0x0000000714300000, 0x0000000714400000, 0x0000000714400000|100%| E|CS|TAMS 0x0000000714300000, 0x0000000714300000| Complete 
| 248|0x0000000714400000, 0x0000000714500000, 0x0000000714500000|100%| E|CS|TAMS 0x0000000714400000, 0x0000000714400000| Complete 
| 249|0x0000000714500000, 0x0000000714600000, 0x0000000714600000|100%| E|CS|TAMS 0x0000000714500000, 0x0000000714500000| Complete 
| 250|0x0000000714600000, 0x0000000714700000, 0x0000000714700000|100%| E|CS|TAMS 0x0000000714600000, 0x0000000714600000| Complete 
| 251|0x0000000714700000, 0x0000000714800000, 0x0000000714800000|100%| E|CS|TAMS 0x0000000714700000, 0x0000000714700000| Complete 

Card table byte_map: [0x00000191f2a50000,0x00000191f3230000] _byte_map_base: 0x00000191ef22a000

Marking Bits (Prev, Next): (CMBitMap*) 0x00000191db9787a0, (CMBitMap*) 0x00000191db978768
 Prev Bits: [0x00000191f78e0000, 0x00000191fb7b0000)
 Next Bits: [0x00000191f3a10000, 0x00000191f78e0000)

Polling page: 0x00000191db0f0000

Metaspace:

Usage:
  Non-class:     19.89 MB capacity,    19.67 MB ( 99%) used,   173.83 KB ( <1%) free+waste,    50.19 KB ( <1%) overhead. 
      Class:      2.18 MB capacity,     2.00 MB ( 92%) used,   160.74 KB (  7%) free+waste,    25.25 KB (  1%) overhead. 
       Both:     22.07 MB capacity,    21.67 MB ( 98%) used,   334.57 KB (  1%) free+waste,    75.44 KB ( <1%) overhead. 

Virtual space:
  Non-class space:       22.00 MB reserved,      20.17 MB ( 92%) committed 
      Class space:        1.00 GB reserved,       2.25 MB ( <1%) committed 
             Both:        1.02 GB reserved,      22.42 MB (  2%) committed 

Chunk freelists:
   Non-Class:  12.50 KB
       Class:  896 bytes
        Both:  13.38 KB

CodeHeap 'non-profiled nmethods': size=120000Kb used=820Kb max_used=820Kb free=119179Kb
 bounds [0x00000191eaa10000, 0x00000191eac80000, 0x00000191f1f40000]
CodeHeap 'profiled nmethods': size=120000Kb used=3223Kb max_used=3223Kb free=116776Kb
 bounds [0x00000191e34e0000, 0x00000191e3810000, 0x00000191eaa10000]
CodeHeap 'non-nmethods': size=5760Kb used=1473Kb max_used=1492Kb free=4286Kb
 bounds [0x00000191e2f40000, 0x00000191e31b0000, 0x00000191e34e0000]
 total_blobs=2531 nmethods=1581 adapters=862
 compilation: enabled
              stopped_count=0, restarted_count=0
 full_count=0

Compilation events (10 events):
Event: 3.444 Thread 0x00000191fec71800 nmethod 1576 0x00000191eaada090 code [0x00000191eaada2c0, 0x00000191eaadac60]
Event: 3.445 Thread 0x00000191fec71800 1579       4       java.util.zip.CRC32::updateBytesCheck (55 bytes)
Event: 3.446 Thread 0x00000191fec71800 nmethod 1579 0x00000191eaadb490 code [0x00000191eaadb600, 0x00000191eaadb6b8]
Event: 3.446 Thread 0x00000191fec71800 1578       4       java.util.zip.CRC32::update (51 bytes)
Event: 3.448 Thread 0x00000191fec71800 nmethod 1578 0x00000191eaadb810 code [0x00000191eaadb9a0, 0x00000191eaadbb38]
Event: 3.449 Thread 0x00000191829b1000 nmethod 1577 0x00000191eaadbd10 code [0x00000191eaadbee0, 0x00000191eaadc708]
Event: 3.514 Thread 0x00000191fec71800 1580       4       java.lang.ThreadLocal::getMap (5 bytes)
Event: 3.514 Thread 0x00000191fec75000 1581       1       jogamp.opengl.ExtensionAvailabilityCache::isInitialized (5 bytes)
Event: 3.515 Thread 0x00000191fec75000 nmethod 1581 0x00000191eaadcd10 code [0x00000191eaadcea0, 0x00000191eaadcf58]
Event: 3.515 Thread 0x00000191fec71800 nmethod 1580 0x00000191eaadd010 code [0x00000191eaadd180, 0x00000191eaadd1f8]

GC Heap History (10 events):
Event: 1.080 GC heap before
{Heap before GC invocations=0 (full 0):
 garbage-first heap   total 258048K, used 24576K [0x0000000704c00000, 0x0000000800000000)
  region size 1024K, 24 young (24576K), 0 survivors (0K)
 Metaspace       used 17680K, capacity 18038K, committed 18432K, reserved 1067008K
  class space    used 1560K, capacity 1757K, committed 1792K, reserved 1048576K
}
Event: 1.174 GC heap after
{Heap after GC invocations=1 (full 0):
 garbage-first heap   total 258048K, used 3137K [0x0000000704c00000, 0x0000000800000000)
  region size 1024K, 3 young (3072K), 3 survivors (3072K)
 Metaspace       used 17680K, capacity 18038K, committed 18432K, reserved 1067008K
  class space    used 1560K, capacity 1757K, committed 1792K, reserved 1048576K
}
Event: 1.545 GC heap before
{Heap before GC invocations=1 (full 0):
 garbage-first heap   total 258048K, used 17473K [0x0000000704c00000, 0x0000000800000000)
  region size 1024K, 16 young (16384K), 3 survivors (3072K)
 Metaspace       used 20716K, capacity 21117K, committed 21296K, reserved 1069056K
  class space    used 1893K, capacity 2104K, committed 2176K, reserved 1048576K
}
Event: 1.550 GC heap after
{Heap after GC invocations=2 (full 0):
 garbage-first heap   total 258048K, used 6876K [0x0000000704c00000, 0x0000000800000000)
  region size 1024K, 5 young (5120K), 5 survivors (5120K)
 Metaspace       used 20716K, capacity 21117K, committed 21296K, reserved 1069056K
  class space    used 1893K, capacity 2104K, committed 2176K, reserved 1048576K
}
Event: 2.034 GC heap before
{Heap before GC invocations=3 (full 0):
 garbage-first heap   total 258048K, used 95964K [0x0000000704c00000, 0x0000000800000000)
  region size 1024K, 53 young (54272K), 5 survivors (5120K)
 Metaspace       used 21313K, capacity 21765K, committed 22064K, reserved 1069056K
  class space    used 1962K, capacity 2169K, committed 2176K, reserved 1048576K
}
Event: 2.039 GC heap after
{Heap after GC invocations=4 (full 0):
 garbage-first heap   total 258048K, used 47024K [0x0000000704c00000, 0x0000000800000000)
  region size 1024K, 2 young (2048K), 2 survivors (2048K)
 Metaspace       used 21313K, capacity 21765K, committed 22064K, reserved 1069056K
  class space    used 1962K, capacity 2169K, committed 2176K, reserved 1048576K
}
Event: 2.272 GC heap before
{Heap before GC invocations=4 (full 0):
 garbage-first heap   total 258048K, used 138160K [0x0000000704c00000, 0x0000000800000000)
  region size 1024K, 76 young (77824K), 2 survivors (2048K)
 Metaspace       used 21313K, capacity 21765K, committed 22064K, reserved 1069056K
  class space    used 1962K, capacity 2169K, committed 2176K, reserved 1048576K
}
Event: 2.273 GC heap after
{Heap after GC invocations=5 (full 0):
 garbage-first heap   total 258048K, used 62260K [0x0000000704c00000, 0x0000000800000000)
  region size 1024K, 2 young (2048K), 2 survivors (2048K)
 Metaspace       used 21313K, capacity 21765K, committed 22064K, reserved 1069056K
  class space    used 1962K, capacity 2169K, committed 2176K, reserved 1048576K
}
Event: 2.671 GC heap before
{Heap before GC invocations=5 (full 0):
 garbage-first heap   total 258048K, used 171828K [0x0000000704c00000, 0x0000000800000000)
  region size 1024K, 99 young (101376K), 2 survivors (2048K)
 Metaspace       used 21945K, capacity 22341K, committed 22704K, reserved 1069056K
  class space    used 2032K, capacity 2233K, committed 2304K, reserved 1048576K
}
Event: 2.676 GC heap after
{Heap after GC invocations=6 (full 0):
 garbage-first heap   total 258048K, used 46656K [0x0000000704c00000, 0x0000000800000000)
  region size 1024K, 7 young (7168K), 7 survivors (7168K)
 Metaspace       used 21945K, capacity 22341K, committed 22704K, reserved 1069056K
  class space    used 2032K, capacity 2233K, committed 2304K, reserved 1048576K
}

Deoptimization events (10 events):
Event: 2.047 Thread 0x00000191ff5bb800 Uncommon trap: reason=unstable_if action=reinterpret pc=0x00000191eaa8d760 method=java.awt.image.ComponentColorModel.getDataElements(ILjava/lang/Object;)Ljava/lang/Object; @ 30 c2
Event: 2.049 Thread 0x00000191ff5bb800 Uncommon trap: reason=unstable_if action=reinterpret pc=0x00000191eaa88df0 method=sun.awt.image.ByteInterleavedRaster.getDataElements(IILjava/lang/Object;)Ljava/lang/Object; @ 43 c2
Event: 2.689 Thread 0x00000191ff5bb800 Uncommon trap: reason=unstable_if action=reinterpret pc=0x00000191eaaa31f4 method=java.io.BufferedInputStream.read()I @ 8 c2
Event: 2.701 Thread 0x00000191ff5bb800 Uncommon trap: reason=unstable_if action=reinterpret pc=0x00000191eaaa3ba8 method=java.io.BufferedInputStream.read()I @ 8 c2
Event: 3.078 Thread 0x00000191ff5bb800 Uncommon trap: reason=unstable_if action=reinterpret pc=0x00000191eaabb288 method=jogamp.opengl.util.jpeg.JPEGDecoder.getPixel(Ljogamp/opengl/util/jpeg/JPEGDecoder$ColorSink;II)V @ 465 c2
Event: 3.107 Thread 0x00000191ff5bb800 Uncommon trap: reason=unstable_if action=reinterpret pc=0x00000191eaaaf654 method=jogamp.opengl.util.jpeg.JPEGDecoder$Decoder$BaselineDecoder.decode(Ljogamp/opengl/util/jpeg/JPEGDecoder$ComponentIn;[I)V @ 90 c2
Event: 3.107 Thread 0x00000191ff5bb800 Uncommon trap: reason=unstable_if action=reinterpret pc=0x00000191eaaacd00 method=jogamp.opengl.util.jpeg.JPEGDecoder$Decoder$BaselineDecoder.decode(Ljogamp/opengl/util/jpeg/JPEGDecoder$ComponentIn;[I)V @ 90 c2
Event: 3.119 Thread 0x00000191ff5bb800 Uncommon trap: reason=unstable_fused_if action=reinterpret pc=0x00000191eaab6ec8 method=jogamp.opengl.util.jpeg.JPEGDecoder$Output.quantizeAndInverse([I[B[I[I)V @ 1484 c2
Event: 3.125 Thread 0x00000191ff5bb800 Uncommon trap: reason=unstable_if action=reinterpret pc=0x00000191eaab8cbc method=jogamp.opengl.util.jpeg.JPEGDecoder$Output.buildComponentData(Ljogamp/opengl/util/jpeg/JPEGDecoder$Frame;Ljogamp/opengl/util/jpeg/JPEGDecoder$ComponentIn;)Ljava/util/ArrayLi
Event: 3.199 Thread 0x00000191ff5bb800 Uncommon trap: reason=unstable_if action=reinterpret pc=0x00000191eaa9f66c method=com.jogamp.opengl.util.PNGPixelRect.read(Ljava/io/InputStream;Lcom/jogamp/nativewindow/util/PixelFormat;ZIZ)Lcom/jogamp/opengl/util/PNGPixelRect; @ 967 c2

Classes redefined (0 events):
No events

Internal exceptions (10 events):
Event: 0.557 Thread 0x00000191db919000 Exception <a 'java/lang/NoSuchMethodError'{0x0000000713edbcf0}: java.lang.invoke.DirectMethodHandle$Holder.invokeStatic(Ljava/lang/Object;J)Ljava/lang/Object;> (0x0000000713edbcf0) thrown at [./open/src/hotspot/share/interpreter/linkResolver.cpp, line 772
Event: 0.559 Thread 0x00000191db919000 Exception <a 'java/lang/NoSuchMethodError'{0x0000000713ee9e08}: java.lang.invoke.DirectMethodHandle$Holder.invokeStaticInit(Ljava/lang/Object;Ljava/lang/Object;JLjava/lang/Object;)Ljava/lang/Object;> (0x0000000713ee9e08) thrown at [./open/src/hotspot/shar
Event: 0.559 Thread 0x00000191db919000 Exception <a 'java/lang/NoSuchMethodError'{0x0000000713eefcb0}: java.lang.invoke.DirectMethodHandle$Holder.invokeStatic(Ljava/lang/Object;Ljava/lang/Object;J)Ljava/lang/Object;> (0x0000000713eefcb0) thrown at [./open/src/hotspot/share/interpreter/linkReso
Event: 0.559 Thread 0x00000191db919000 Exception <a 'java/lang/NoSuchMethodError'{0x0000000713ef5f80}: java.lang.invoke.Invokers$Holder.linkToTargetMethod(Ljava/lang/Object;JLjava/lang/Object;)Ljava/lang/Object;> (0x0000000713ef5f80) thrown at [./open/src/hotspot/share/interpreter/linkResolver
Event: 1.401 Thread 0x00000191db919000 Exception <a 'java/lang/NoSuchMethodError'{0x0000000713f7f5c0}: java.lang.invoke.DirectMethodHandle$Holder.invokeStaticInit(Ljava/lang/Object;)V> (0x0000000713f7f5c0) thrown at [./open/src/hotspot/share/interpreter/linkResolver.cpp, line 772]
Event: 1.426 Thread 0x00000191db919000 Exception <a 'java/lang/NoSuchMethodError'{0x0000000713d471a8}: java.lang.invoke.DirectMethodHandle$Holder.invokeStatic(Ljava/lang/Object;Ljava/lang/Object;Ljava/lang/Object;Ljava/lang/Object;Ljava/lang/Object;Ljava/lang/Object;Ljava/lang/Object;Ljava/lan
Event: 1.427 Thread 0x00000191db919000 Exception <a 'java/lang/NoSuchMethodError'{0x0000000713d653a8}: java.lang.invoke.DirectMethodHandle$Holder.invokeStatic(Ljava/lang/Object;Ljava/lang/Object;Ljava/lang/Object;Ljava/lang/Object;Ljava/lang/Object;Ljava/lang/Object;Ljava/lang/Object;Ljava/lan
Event: 1.428 Thread 0x00000191db919000 Exception <a 'java/lang/NoSuchMethodError'{0x0000000713d84580}: java.lang.invoke.DirectMethodHandle$Holder.invokeStatic(Ljava/lang/Object;Ljava/lang/Object;Ljava/lang/Object;Ljava/lang/Object;Ljava/lang/Object;Ljava/lang/Object;Ljava/lang/Object;Ljava/lan
Event: 1.429 Thread 0x00000191db919000 Exception <a 'java/lang/NoSuchMethodError'{0x0000000713d905d8}: java.lang.invoke.Invokers$Holder.linkToTargetMethod(Ljava/lang/Object;ILjava/lang/Object;)Ljava/lang/Object;> (0x0000000713d905d8) thrown at [./open/src/hotspot/share/interpreter/linkResolver
Event: 2.049 Thread 0x00000191ff5bb800 Implicit null exception at 0x00000191eaa88b02 to 0x00000191eaa88dd4

Events (10 events):
Event: 3.636 loading class jogamp/opengl/egl/EGLDisplayUtil$1
Event: 3.636 loading class jogamp/opengl/egl/EGLDisplayUtil$1 done
Event: 3.636 Executing VM operation: RevokeBias
Event: 3.636 Executing VM operation: RevokeBias done
Event: 3.636 Thread 0x0000019190519800 Thread exited: 0x0000019190519800
Event: 3.638 Executing VM operation: RevokeBias
Event: 3.638 Executing VM operation: RevokeBias done
Event: 3.638 Thread 0x00000191ff24f000 Thread exited: 0x00000191ff24f000
Event: 3.721 Thread 0x0000019190688000 Thread exited: 0x0000019190688000
Event: 3.722 Executing VM operation: Exit


Dynamic libraries:
0x00007ff752da0000 - 0x00007ff752daf000 	C:\Program Files\Java\jdk-11.0.13\bin\java.exe
0x00007ffc7f8b0000 - 0x00007ffc7fac4000 	C:\WINDOWS\SYSTEM32\ntdll.dll
0x00007ffc7dd60000 - 0x00007ffc7de22000 	C:\WINDOWS\System32\KERNEL32.DLL
0x00007ffc7d060000 - 0x00007ffc7d3fc000 	C:\WINDOWS\System32\KERNELBASE.dll
0x00007ffc7ce80000 - 0x00007ffc7cf91000 	C:\WINDOWS\System32\ucrtbase.dll
0x00007ffc6f7e0000 - 0x00007ffc6f7f5000 	C:\Program Files\Java\jdk-11.0.13\bin\VCRUNTIME140.dll
0x00007ffc65a10000 - 0x00007ffc65a28000 	C:\Program Files\Java\jdk-11.0.13\bin\jli.dll
0x00007ffc7e1a0000 - 0x00007ffc7e24e000 	C:\WINDOWS\System32\ADVAPI32.dll
0x00007ffc7f6d0000 - 0x00007ffc7f777000 	C:\WINDOWS\System32\msvcrt.dll
0x00007ffc7d6c0000 - 0x00007ffc7d764000 	C:\WINDOWS\System32\sechost.dll
0x00007ffc7f5b0000 - 0x00007ffc7f6c7000 	C:\WINDOWS\System32\RPCRT4.dll
0x00007ffc7f080000 - 0x00007ffc7f22b000 	C:\WINDOWS\System32\USER32.dll
0x00007ffc70280000 - 0x00007ffc7050e000 	C:\WINDOWS\WinSxS\amd64_microsoft.windows.common-controls_6595b64144ccf1df_6.0.22621.608_none_a9444ca7c10bb01d\COMCTL32.dll
0x00007ffc7d5f0000 - 0x00007ffc7d616000 	C:\WINDOWS\System32\win32u.dll
0x00007ffc7f800000 - 0x00007ffc7f829000 	C:\WINDOWS\System32\GDI32.dll
0x00007ffc7ccf0000 - 0x00007ffc7ce03000 	C:\WINDOWS\System32\gdi32full.dll
0x00007ffc7d620000 - 0x00007ffc7d6ba000 	C:\WINDOWS\System32\msvcp_win.dll
0x00007ffc72e90000 - 0x00007ffc72e9a000 	C:\WINDOWS\SYSTEM32\VERSION.dll
0x00007ffc7f830000 - 0x00007ffc7f861000 	C:\WINDOWS\System32\IMM32.DLL
0x00007ffc65970000 - 0x00007ffc65a0b000 	C:\Program Files\Java\jdk-11.0.13\bin\msvcp140.dll
0x00007ffc21010000 - 0x00007ffc21b23000 	C:\Program Files\Java\jdk-11.0.13\bin\server\jvm.dll
0x00007ffc7de30000 - 0x00007ffc7de38000 	C:\WINDOWS\System32\PSAPI.DLL
0x00007ffc5dd30000 - 0x00007ffc5dd39000 	C:\WINDOWS\SYSTEM32\WSOCK32.dll
0x00007ffc733c0000 - 0x00007ffc733f4000 	C:\WINDOWS\SYSTEM32\WINMM.dll
0x00007ffc7f780000 - 0x00007ffc7f7f1000 	C:\WINDOWS\System32\WS2_32.dll
0x00007ffc7bd40000 - 0x00007ffc7bd58000 	C:\WINDOWS\SYSTEM32\kernel.appcore.dll
0x00007ffc774e0000 - 0x00007ffc774f0000 	C:\Program Files\Java\jdk-11.0.13\bin\verify.dll
0x00007ffc7a160000 - 0x00007ffc7a38e000 	C:\WINDOWS\SYSTEM32\DBGHELP.DLL
0x00007ffc7e500000 - 0x00007ffc7e889000 	C:\WINDOWS\System32\combase.dll
0x00007ffc7f3d0000 - 0x00007ffc7f4a7000 	C:\WINDOWS\System32\OLEAUT32.dll
0x00007ffc6f880000 - 0x00007ffc6f8b2000 	C:\WINDOWS\SYSTEM32\dbgcore.DLL
0x00007ffc7d570000 - 0x00007ffc7d5eb000 	C:\WINDOWS\System32\bcryptPrimitives.dll
0x00007ffc64c90000 - 0x00007ffc64cb8000 	C:\Program Files\Java\jdk-11.0.13\bin\java.dll
0x00007ffc6f8e0000 - 0x00007ffc6f8ea000 	C:\Program Files\Java\jdk-11.0.13\bin\jimage.dll
0x00007ffc65460000 - 0x00007ffc65476000 	C:\Program Files\Java\jdk-11.0.13\bin\zip.dll
0x00007ffc7e890000 - 0x00007ffc7f080000 	C:\WINDOWS\System32\SHELL32.dll
0x00007ffc7acb0000 - 0x00007ffc7b57d000 	C:\WINDOWS\SYSTEM32\windows.storage.dll
0x00007ffc7ab70000 - 0x00007ffc7acae000 	C:\WINDOWS\SYSTEM32\wintypes.dll
0x00007ffc7f230000 - 0x00007ffc7f321000 	C:\WINDOWS\System32\SHCORE.dll
0x00007ffc7d770000 - 0x00007ffc7d7ce000 	C:\WINDOWS\System32\shlwapi.dll
0x00007ffc7cc20000 - 0x00007ffc7cc41000 	C:\WINDOWS\SYSTEM32\profapi.dll
0x00007ffc65430000 - 0x00007ffc65449000 	C:\Program Files\Java\jdk-11.0.13\bin\net.dll
0x00007ffc76450000 - 0x00007ffc76587000 	C:\WINDOWS\SYSTEM32\WINHTTP.dll
0x00007ffc7c1b0000 - 0x00007ffc7c219000 	C:\WINDOWS\system32\mswsock.dll
0x00007ffc64c70000 - 0x00007ffc64c82000 	C:\Program Files\Java\jdk-11.0.13\bin\nio.dll
0x00007ffc22d50000 - 0x00007ffc22eea000 	C:\Program Files\Java\jdk-11.0.13\bin\awt.dll
0x00007ffc79c40000 - 0x00007ffc79cd6000 	C:\WINDOWS\SYSTEM32\apphelp.dll
0x00007ffc7a070000 - 0x00007ffc7a09b000 	C:\WINDOWS\system32\DWMAPI.DLL
0x00007ffc79e10000 - 0x00007ffc79ebb000 	C:\WINDOWS\system32\uxtheme.dll
0x00007ffc4da10000 - 0x00007ffc4db10000 	C:\WINDOWS\system32\opengl32.dll
0x00007ffc4ebc0000 - 0x00007ffc4ebed000 	C:\WINDOWS\SYSTEM32\GLU32.dll
0x00007ffc79f20000 - 0x00007ffc79f56000 	C:\WINDOWS\SYSTEM32\dxcore.dll
0x00007ffc7de40000 - 0x00007ffc7df5e000 	C:\WINDOWS\System32\MSCTF.dll
0x00007ffc7dff0000 - 0x00007ffc7e18c000 	C:\WINDOWS\System32\ole32.dll
0x00007ffc7c480000 - 0x00007ffc7c49b000 	C:\WINDOWS\SYSTEM32\CRYPTSP.dll
0x00007ffc7bc90000 - 0x00007ffc7bcc5000 	C:\WINDOWS\system32\rsaenh.dll
0x00007ffc7c320000 - 0x00007ffc7c348000 	C:\WINDOWS\SYSTEM32\USERENV.dll
0x00007ffc7c650000 - 0x00007ffc7c678000 	C:\WINDOWS\SYSTEM32\bcrypt.dll
0x00007ffc7c4a0000 - 0x00007ffc7c4ac000 	C:\WINDOWS\SYSTEM32\CRYPTBASE.dll
0x00007ffc7b860000 - 0x00007ffc7b88d000 	C:\WINDOWS\SYSTEM32\IPHLPAPI.DLL
0x00007ffc7e4f0000 - 0x00007ffc7e4f9000 	C:\WINDOWS\System32\NSI.dll
0x00007ffc73350000 - 0x00007ffc73369000 	C:\WINDOWS\SYSTEM32\dhcpcsvc6.DLL
0x00007ffc73330000 - 0x00007ffc7334f000 	C:\WINDOWS\SYSTEM32\dhcpcsvc.DLL
0x00007ffc7b890000 - 0x00007ffc7b983000 	C:\WINDOWS\SYSTEM32\DNSAPI.dll
0x000000006e8c0000 - 0x000000006e8cd000 	C:\Users\K_S_M\AppData\Local\Temp\jogamp_0000\file_cache\jln12816654682530154900\jln17870690819404977318\natives\windows-amd64\gluegen_rt.dll
0x00007ffc6f7d0000 - 0x00007ffc6f7d7000 	C:\Program Files\Java\jdk-11.0.13\bin\jawt.dll
0x000000006a440000 - 0x000000006a44d000 	C:\Users\K_S_M\AppData\Local\Temp\jogamp_0000\file_cache\jln12816654682530154900\jln17870690819404977318\natives\windows-amd64\nativewindow_awt.dll
0x000000006c100000 - 0x000000006c110000 	C:\Users\K_S_M\AppData\Local\Temp\jogamp_0000\file_cache\jln12816654682530154900\jln17870690819404977318\natives\windows-amd64\nativewindow_win32.dll
0x0000000064500000 - 0x0000000064585000 	C:\Users\K_S_M\AppData\Local\Temp\jogamp_0000\file_cache\jln12816654682530154900\jln17870690819404977318\natives\windows-amd64\jogl_desktop.dll
0x0000000064340000 - 0x0000000064391000 	C:\Users\K_S_M\AppData\Local\Temp\jogamp_0000\file_cache\jln12816654682530154900\jln17870690819404977318\natives\windows-amd64\jogl_mobile.dll
0x00007ffc76390000 - 0x00007ffc763d8000 	C:\WINDOWS\SYSTEM32\directxdatabasehelper.dll
0x00007ffc7dcb0000 - 0x00007ffc7dd60000 	C:\WINDOWS\System32\clbcatq.dll
0x00007ffc07f00000 - 0x00007ffc08f87000 	C:\WINDOWS\System32\DriverStore\FileRepository\iigd_dch.inf_amd64_e32ced29f236e322\igxelpicd64.dll
0x00007ffc79f60000 - 0x00007ffc7a056000 	C:\WINDOWS\system32\dxgi.dll
0x00007ffc22c10000 - 0x00007ffc22d4c000 	C:\WINDOWS\System32\DriverStore\FileRepository\iigd_dch.inf_amd64_e32ced29f236e322\igdml64.dll
0x00007ffc709f0000 - 0x00007ffc70df9000 	C:\WINDOWS\System32\DriverStore\FileRepository\iigd_dch.inf_amd64_e32ced29f236e322\igdgmm64.dll
0x00007ffc7c9b0000 - 0x00007ffc7c9dc000 	C:\WINDOWS\SYSTEM32\DEVOBJ.dll
0x00007ffc7c9e0000 - 0x00007ffc7ca2e000 	C:\WINDOWS\SYSTEM32\cfgmgr32.dll
0x00007ffc7ce10000 - 0x00007ffc7ce7b000 	C:\WINDOWS\System32\WINTRUST.dll
0x00007ffc7d400000 - 0x00007ffc7d566000 	C:\WINDOWS\System32\CRYPT32.dll
0x00007ffc7c990000 - 0x00007ffc7c9a2000 	C:\WINDOWS\SYSTEM32\MSASN1.dll
0x00007ffc69350000 - 0x00007ffc6cae4000 	C:\WINDOWS\System32\DriverStore\FileRepository\iigd_dch.inf_amd64_e32ced29f236e322\igc64.dll
0x00007ffc7c680000 - 0x00007ffc7c6cd000 	C:\WINDOWS\SYSTEM32\powrprof.dll
0x00007ffc7c630000 - 0x00007ffc7c643000 	C:\WINDOWS\SYSTEM32\UMPDC.dll
0x00007ffc48e80000 - 0x00007ffc48f06000 	C:\Program Files\Java\jdk-11.0.13\bin\freetype.dll
0x00007ffc47490000 - 0x00007ffc47535000 	C:\Program Files\Java\jdk-11.0.13\bin\fontmanager.dll
0x00007ffc6caf0000 - 0x00007ffc6cc1e000 	C:\WINDOWS\SYSTEM32\textinputframework.dll
0x00007ffc61fa0000 - 0x00007ffc62009000 	C:\WINDOWS\system32\Oleacc.dll
0x00007ffc79830000 - 0x00007ffc79963000 	C:\WINDOWS\SYSTEM32\CoreMessaging.dll
0x00007ffc75bc0000 - 0x00007ffc75f2c000 	C:\WINDOWS\SYSTEM32\CoreUIComponents.dll
0x00007ffc4f230000 - 0x00007ffc4f25d000 	C:\Program Files\Java\jdk-11.0.13\bin\javajpeg.dll

dbghelp: loaded successfully - version: 4.0.5 - missing functions: none
symbol engine: initialized successfully - sym options: 0x614 - pdb path: .;C:\Program Files\Java\jdk-11.0.13\bin;C:\WINDOWS\SYSTEM32;C:\WINDOWS\WinSxS\amd64_microsoft.windows.common-controls_6595b64144ccf1df_6.0.22621.608_none_a9444ca7c10bb01d;C:\Program Files\Java\jdk-11.0.13\bin\server;C:\Users\K_S_M\AppData\Local\Temp\jogamp_0000\file_cache\jln12816654682530154900\jln17870690819404977318\natives\windows-amd64;C:\WINDOWS\System32\DriverStore\FileRepository\iigd_dch.inf_amd64_e32ced29f236e322

VM Arguments:
jvm_args: -Dsun.java2d.d3d=false -Dsun.java2d.uiScale=1 
java_command: a3.Code
java_class_path (initial): C:\antlrLib\antlr-4.10-complete.jar;C:\joml\jogl-all.jar;C:\joml\gluegen-rt.jar;C:\joml\joml-1.10.5.jar;
Launcher Type: SUN_STANDARD

[Global flags]
     intx CICompilerCount                          = 4                                         {product} {ergonomic}
     uint ConcGCThreads                            = 2                                         {product} {ergonomic}
     uint G1ConcRefinementThreads                  = 8                                         {product} {ergonomic}
   size_t G1HeapRegionSize                         = 1048576                                   {product} {ergonomic}
    uintx GCDrainStackTargetSize                   = 64                                        {product} {ergonomic}
   size_t InitialHeapSize                          = 264241152                                 {product} {ergonomic}
   size_t MarkStackSize                            = 4194304                                   {product} {ergonomic}
   size_t MaxHeapSize                              = 4215275520                                {product} {ergonomic}
   size_t MaxNewSize                               = 2529165312                                {product} {ergonomic}
   size_t MinHeapDeltaBytes                        = 1048576                                   {product} {ergonomic}
    uintx NonNMethodCodeHeapSize                   = 5836300                                {pd product} {ergonomic}
    uintx NonProfiledCodeHeapSize                  = 122910970                              {pd product} {ergonomic}
    uintx ProfiledCodeHeapSize                     = 122910970                              {pd product} {ergonomic}
    uintx ReservedCodeCacheSize                    = 251658240                              {pd product} {ergonomic}
     bool SegmentedCodeCache                       = true                                      {product} {ergonomic}
     bool UseCompressedClassPointers               = true                                 {lp64_product} {ergonomic}
     bool UseCompressedOops                        = true                                 {lp64_product} {ergonomic}
     bool UseG1GC                                  = true                                      {product} {ergonomic}
     bool UseLargePagesIndividualAllocation        = false                                  {pd product} {ergonomic}

Logging:
Log output configuration:
 #0: stdout all=warning uptime,level,tags
 #1: stderr all=off uptime,level,tags

Environment Variables:
JAVA_HOME=C:\Program Files\Java\jdk-11.0.13
CLASSPATH=C:\antlrLib\antlr-4.10-complete.jar;C:\joml\jogl-all.jar;C:\joml\gluegen-rt.jar;C:\joml\joml-1.10.5.jar;
PATH=C:\Program Files (x86)\Razer\ChromaBroadcast\bin;C:\Program Files\Razer\ChromaBroadcast\bin;C:\Python27\;C:\Program Files (x86)\VMware\VMware Player\bin\;C:\Program Files\Common Files\Oracle\Java\javapath;C:\Program Files (x86)\Common Files\Oracle\Java\javapath;C:\Windows\system32;C:\Windows;C:\Windows\System32\Wbem;C:\Windows\System32\WindowsPowerShell\v1.0\;C:\Windows\System32\OpenSSH\;C:\Program Files\dotnet\;C:\Program Files\Microsoft SQL Server\130\Tools\Binn\;C:\Program Files\Microsoft SQL Server\Client SDK\ODBC\170\Tools\Binn\;C:\Users\K_S_M\Documents\GitHub\Semi-AutomaticZipExtractor\BatchExtract.bat;C:\Users\K_S_M\Documents\GitHub\Semi-AutomaticZipExtractor\7z1900-extra;C:\Program Files\Git\cmd;C:\Program Files\Git LFS;C:\Program Files\apache-maven-3.8.4\bin;C:\Program Files\Java\jdk-11.0.13\bin;C:\Program Files\nodejs\;C:\ProgramData\chocolatey\bin;C:\Program Files\Java\jdk-11.0.13\bin;C:\WINDOWS\system32;C:\WINDOWS;C:\WINDOWS\System32\Wbem;C:\WINDOWS\System32\WindowsPowerShell\v1.0\;C:\WINDOWS\System32\OpenSSH\;C:\WINDOWS\system32\config\systemprofile\AppData\Local\Microsoft\WindowsApps;C:\mongosh-1.8.0-win32-x64\bin;C:\antlrLib\antlr-4.10-complete.jar;C:\Program Files\MySQL\MySQL Shell 8.0\bin\;C:\Users\K_S_M\AppData\Local\Microsoft\WindowsApps;C:\Users\K_S_M\AppData\Local\GitHubDesktop\bin;C:\Users\K_S_M\.dotnet\tools;C:\Program Files\JetBrains\IntelliJ IDEA Community Edition 2021.3.2\bin;C:\altera\13.1\modelsim_ase\win32aloem;C:\altera\13.1\modelsim_ae\win32aloem;C:\antlrLib\antlr-4.10-complete.jar;C:\joml\jogl-all.jar;C:\joml\gluegen-rt.jar;C:\joml\joml-1.10.5.jar;C:\antlrLib;C:\Users\K_S_M\AppData\Roaming\npm;C:\Users\K_S_M\AppData\Local\Programs\Microsoft VS Code\bin
USERNAME=K_S_M
OS=Windows_NT
PROCESSOR_IDENTIFIER=Intel64 Family 6 Model 140 Stepping 1, GenuineIntel



---------------  S Y S T E M  ---------------

OS: Windows 10 , 64 bit Build 22621 (10.0.22621.1485)
Hyper-V role detected

CPU:total 8 (initial active 8) (4 cores per cpu, 2 threads per core) family 6 model 140 stepping 1 microcode 0xa4, cmov, cx8, fxsr, mmx, sse, sse2, sse3, ssse3, sse4.1, sse4.2, popcnt, avx, avx2, aes, clmul, erms, 3dnowpref, lzcnt, ht, tsc, tscinvbit, bmi1, bmi2, adx, evex, sha, fma

Memory: 4k page, system-wide physical 16073M (6822M free)
TotalPageFile size 20169M (AvailPageFile size 6213M)
current process WorkingSet (physical memory assigned to process): 553M, peak: 554M
current process commit charge ("private bytes"): 649M, peak: 652M

vm_info: Java HotSpot(TM) 64-Bit Server VM (11.0.13+10-LTS-370) for windows-amd64 JRE (11.0.13+10-LTS-370), built on Sep 15 2021 22:10:36 by "mach5one" with MS VC++ 15.9 (VS2017)

END.
